<?xml version="1.0" encoding="UTF-8"?>
<!-- Generated by org.testng.reporters.JUnitReportReporter -->
<testsuite hostname="DESKTOP-GTRIPH7" failures="0" tests="1" name="com.qa.testscripts.TC_Mercury_001" time="10.395" errors="0" timestamp="2022-12-07T09:17:32 IST" skipped="0">
  <testcase classname="com.qa.testscripts.TC_Mercury_001" name="Search" time="10.395"/>
  <system-out/>
</testsuite> <!-- com.qa.testscripts.TC_Mercury_001 -->
