<?xml version="1.0" encoding="UTF-8"?>
<!-- Generated by org.testng.reporters.JUnitReportReporter -->
<testsuite hostname="DESKTOP-GTRIPH7" failures="0" tests="1" name="com.qa.testscripts.AmazonSearch" time="0.000" errors="0" timestamp="2022-12-07T09:33:51 IST" skipped="1">
  <testcase classname="com.qa.testscripts.AmazonSearch" name="getTest" time="0.000">
    <skipped/>
  </testcase> <!-- getTest -->
  <system-out/>
</testsuite> <!-- com.qa.testscripts.AmazonSearch -->
