<?xml version="1.0" encoding="UTF-8"?>
<!-- Generated by org.testng.reporters.JUnitReportReporter -->
<testsuite hostname="DESKTOP-GTRIPH7" failures="0" tests="1" name="com.qa.testscripts.SamsungSearch" time="13.086" errors="0" timestamp="2022-10-29T10:49:22 IST" skipped="0">
  <testcase classname="com.qa.testscripts.SamsungSearch" name="SearchGoogle" time="13.086"/>
  <system-out/>
</testsuite> <!-- com.qa.testscripts.SamsungSearch -->
