<?xml version="1.0" encoding="UTF-8"?>
<!-- Generated by org.testng.reporters.JUnitReportReporter -->
<testsuite hostname="DESKTOP-GTRIPH7" failures="0" tests="2" name="com.qa.testscripts.TC_AmazonNewacc" time="53.647" errors="0" timestamp="2022-11-02T11:35:39 IST" skipped="0">
  <testcase classname="com.qa.testscripts.TC_AmazonNewacc" name="Search" time="29.401"/>
  <system-out/>
  <testcase classname="com.qa.testscripts.TC_AmazonNewacc" name="Search" time="24.246"/>
  <system-out/>
</testsuite> <!-- com.qa.testscripts.TC_AmazonNewacc -->
