<?xml version="1.0" encoding="UTF-8"?>
<!-- Generated by org.testng.reporters.JUnitReportReporter -->
<testsuite hostname="DESKTOP-GTRIPH7" failures="0" tests="1" name="com.qa.testscripts.TC_AcademyeduSignup" time="22.542" errors="0" timestamp="2022-12-08T15:10:08 IST" skipped="0">
  <testcase classname="com.qa.testscripts.TC_AcademyeduSignup" name="Search" time="22.542"/>
  <system-out/>
</testsuite> <!-- com.qa.testscripts.TC_AcademyeduSignup -->
