<?xml version="1.0" encoding="UTF-8"?>
<!-- Generated by org.testng.reporters.JUnitReportReporter -->
<testsuite hostname="DESKTOP-GTRIPH7" failures="0" tests="2" name="com.qa.testscripts.TC_AmazonSignin" time="17.328" errors="0" timestamp="2022-11-02T11:35:39 IST" skipped="0">
  <testcase classname="com.qa.testscripts.TC_AmazonSignin" name="Search" time="11.192"/>
  <system-out/>
  <testcase classname="com.qa.testscripts.TC_AmazonSignin" name="Search" time="6.136"/>
  <system-out/>
</testsuite> <!-- com.qa.testscripts.TC_AmazonSignin -->
