<?xml version="1.0" encoding="UTF-8"?>
<!-- Generated by org.testng.reporters.JUnitReportReporter -->
<testsuite hostname="DESKTOP-GTRIPH7" failures="0" tests="2" name="com.qa.testscripts.TC_GoogleAccountCreation" time="109.352" errors="0" timestamp="2022-12-07T12:24:22 IST" skipped="0">
  <testcase classname="com.qa.testscripts.TC_GoogleAccountCreation" name="Search" time="53.088"/>
  <system-out/>
  <testcase classname="com.qa.testscripts.TC_GoogleAccountCreation" name="Search" time="56.264"/>
  <system-out/>
</testsuite> <!-- com.qa.testscripts.TC_GoogleAccountCreation -->
