<?xml version="1.0" encoding="UTF-8"?>
<!-- Generated by org.testng.reporters.JUnitReportReporter -->
<testsuite hostname="DESKTOP-GTRIPH7" failures="0" tests="2" name="com.qa.testscripts.TC_GoogleSearch" time="66.333" errors="0" timestamp="2022-11-02T11:35:39 IST" skipped="0">
  <testcase classname="com.qa.testscripts.TC_GoogleSearch" name="SearchGoogle" time="47.539"/>
  <system-out/>
  <testcase classname="com.qa.testscripts.TC_GoogleSearch" name="SearchGoogle" time="18.794"/>
  <system-out/>
</testsuite> <!-- com.qa.testscripts.TC_GoogleSearch -->
