<?xml version="1.0" encoding="UTF-8"?>
<!-- Generated by org.testng.reporters.JUnitReportReporter -->
<testsuite hostname="DESKTOP-GTRIPH7" failures="0" tests="2" name="com.qa.testscripts.TC_AmazonWebpage" time="23.451" errors="0" timestamp="2022-12-07T12:24:22 IST" skipped="0">
  <testcase classname="com.qa.testscripts.TC_AmazonWebpage" name="Search" time="10.854"/>
  <system-out/>
  <testcase classname="com.qa.testscripts.TC_AmazonWebpage" name="Search" time="12.597"/>
  <system-out/>
</testsuite> <!-- com.qa.testscripts.TC_AmazonWebpage -->
