<?xml version="1.0" encoding="UTF-8"?>
<!-- Generated by org.testng.reporters.JUnitReportReporter -->
<testsuite hostname="DESKTOP-GTRIPH7" failures="0" tests="2" name="com.qa.testscripts.TC_GoogleHomepage" time="4.243" errors="0" timestamp="2022-12-07T12:24:22 IST" skipped="0">
  <testcase classname="com.qa.testscripts.TC_GoogleHomepage" name="Search" time="3.250"/>
  <system-out/>
  <testcase classname="com.qa.testscripts.TC_GoogleHomepage" name="Search" time="0.993"/>
  <system-out/>
</testsuite> <!-- com.qa.testscripts.TC_GoogleHomepage -->
